<?xml version="1.0" encoding="UTF-8"?>
<!-- Generated by org.testng.reporters.JUnitReportReporter -->
<testsuite skipped="0" hostname="HPDB0271" name="com.qainfotech.automation.tatoc_javascript.AppTest" tests="1" failures="0" timestamp="27 Jun 2018 06:59:59 GMT" time="3.271" errors="0">
  <testcase name="all_tatoc" time="3.271" classname="com.qainfotech.automation.tatoc_javascript.AppTest"/>
</testsuite> <!-- com.qainfotech.automation.tatoc_javascript.AppTest -->
